<?xml version="1.0" encoding="UTF-8"?>
<robot generator="Robot 7.0 (Python 3.10.2 on win32)" generated="2024-04-08T12:53:52.149324" rpa="false" schemaversion="5">
<suite id="s1" name="Automation" source="C:\Users\thigo\DrConsulta\Automation">
<suite id="s1-s1" name="SignIn teste" source="C:\Users\thigo\DrConsulta\Automation\SignIn_teste.robot">
<test id="s1-s1-t1" name="Caso de Teste 01 - criação do usuário" line="8">
<kw name="Abrir o navegador" owner="Resources" type="SETUP">
<kw name="Open Browser" owner="SeleniumLibrary">
<msg time="2024-04-08T12:53:52.309986" level="INFO">Opening browser 'chrome' to base url 'None'.</msg>
<arg>browser=chrome</arg>
<arg>options=add_experimental_option("detach", True)</arg>
<doc>Opens a new browser instance to the optional ``url``.</doc>
<status status="PASS" start="2024-04-08T12:53:52.309986" elapsed="3.630882"/>
</kw>
<status status="PASS" start="2024-04-08T12:53:52.308914" elapsed="3.631954"/>
</kw>
<kw name="Acessar SignIn">
<msg time="2024-04-08T12:53:55.945267" level="FAIL">No keyword with name 'Acessar SignIn' found.</msg>
<status status="FAIL" start="2024-04-08T12:53:55.945267" elapsed="0.000000">No keyword with name 'Acessar SignIn' found.</status>
</kw>
<kw name="Preenche Email">
<status status="NOT RUN" start="2024-04-08T12:53:55.946677" elapsed="0.000000"/>
</kw>
<kw name="Clicar &quot;Create an account&quot;">
<status status="NOT RUN" start="2024-04-08T12:53:55.948841" elapsed="0.000000"/>
</kw>
<kw name="Fechar o navegador" owner="Resources" type="TEARDOWN">
<kw name="Close Browser" owner="SeleniumLibrary">
<doc>Closes the current browser.</doc>
<status status="PASS" start="2024-04-08T12:53:55.948841" elapsed="2.109868"/>
</kw>
<status status="PASS" start="2024-04-08T12:53:55.948841" elapsed="2.109868"/>
</kw>
<tag>SingIn</tag>
<status status="FAIL" start="2024-04-08T12:53:52.308914" elapsed="5.750830">No keyword with name 'Acessar SignIn' found.</status>
</test>
<test id="s1-s1-t2" name="Caso de Teste 02 - criação do usuário falha" line="14">
<kw name="Abrir o navegador" owner="Resources" type="SETUP">
<kw name="Open Browser" owner="SeleniumLibrary">
<msg time="2024-04-08T12:53:58.066066" level="INFO">Opening browser 'chrome' to base url 'None'.</msg>
<arg>browser=chrome</arg>
<arg>options=add_experimental_option("detach", True)</arg>
<doc>Opens a new browser instance to the optional ``url``.</doc>
<status status="PASS" start="2024-04-08T12:53:58.065069" elapsed="1.592396"/>
</kw>
<status status="PASS" start="2024-04-08T12:53:58.064073" elapsed="1.594498"/>
</kw>
<kw name="Acessar SignIn">
<msg time="2024-04-08T12:53:59.661566" level="FAIL">No keyword with name 'Acessar SignIn' found.</msg>
<status status="FAIL" start="2024-04-08T12:53:59.661566" elapsed="0.000000">No keyword with name 'Acessar SignIn' found.</status>
</kw>
<kw name="Preenche Email">
<status status="NOT RUN" start="2024-04-08T12:53:59.663559" elapsed="0.000000"/>
</kw>
<kw name="Fechar o navegador" owner="Resources" type="TEARDOWN">
<kw name="Close Browser" owner="SeleniumLibrary">
<doc>Closes the current browser.</doc>
<status status="PASS" start="2024-04-08T12:53:59.665014" elapsed="2.136726"/>
</kw>
<status status="PASS" start="2024-04-08T12:53:59.665014" elapsed="2.137720"/>
</kw>
<tag>SingIn Falha</tag>
<status status="FAIL" start="2024-04-08T12:53:58.063009" elapsed="3.740720">No keyword with name 'Acessar SignIn' found.</status>
</test>
<doc>Acessa o site</doc>
<status status="FAIL" start="2024-04-08T12:53:52.171660" elapsed="9.635260"/>
</suite>
<status status="FAIL" start="2024-04-08T12:53:52.151401" elapsed="9.657973"/>
</suite>
<statistics>
<total>
<stat pass="0" fail="2" skip="0">All Tests</stat>
</total>
<tag>
<stat pass="0" fail="1" skip="0">SingIn</stat>
<stat pass="0" fail="1" skip="0">SingIn Falha</stat>
</tag>
<suite>
<stat pass="0" fail="2" skip="0" id="s1" name="Automation">Automation</stat>
<stat pass="0" fail="2" skip="0" id="s1-s1" name="SignIn teste">Automation.SignIn teste</stat>
</suite>
</statistics>
<errors>
</errors>
</robot>
